  Source.cpp
C:\Users\sage\Documents\algorithm_challenges\shotover_challenge\SageSol\SageFirst\QuadTree.h(69,7): error C2039: 'vector': is not a member of 'std'
C:\Users\sage\Documents\algorithm_challenges\shotover_challenge\SageSol\SageFirst\predefined C++ types (compiler internal)(339): message : see declaration of 'std'
C:\Users\sage\Documents\algorithm_challenges\shotover_challenge\SageSol\SageFirst\QuadTree.h(69,13): error C2143: syntax error: missing ';' before '<'
C:\Users\sage\Documents\algorithm_challenges\shotover_challenge\SageSol\SageFirst\QuadTree.h(69,13): error C4430: missing type specifier - int assumed. Note: C++ does not support default-int
C:\Users\sage\Documents\algorithm_challenges\shotover_challenge\SageSol\SageFirst\QuadTree.h(69,29): error C2238: unexpected token(s) preceding ';'
C:\Users\sage\Documents\algorithm_challenges\shotover_challenge\SageSol\SageFirst\QuadTree.h(79,57): error C2039: 'vector': is not a member of 'std'
C:\Users\sage\Documents\algorithm_challenges\shotover_challenge\SageSol\SageFirst\predefined C++ types (compiler internal)(339): message : see declaration of 'std'
C:\Users\sage\Documents\algorithm_challenges\shotover_challenge\SageSol\SageFirst\QuadTree.h(79,63): error C2061: syntax error: identifier 'vector'
  QuadTree.cpp
C:\Users\sage\Documents\algorithm_challenges\shotover_challenge\SageSol\SageFirst\QuadTree.cpp(2): warning C4603: 'NDEBUG': macro is not defined or definition is different after precompiled header use
C:\Users\sage\Documents\algorithm_challenges\shotover_challenge\SageSol\SageFirst\QuadTree.cpp(2): message : Add macro to precompiled header instead of defining here
C:\Users\sage\Documents\algorithm_challenges\shotover_challenge\SageSol\SageFirst\QuadTree.cpp(10): message : use of precompiled header
C:\Users\sage\Documents\algorithm_challenges\shotover_challenge\SageSol\SageFirst\QuadTree.h(69,7): error C2039: 'vector': is not a member of 'std'
C:\Users\sage\Documents\algorithm_challenges\shotover_challenge\SageSol\SageFirst\predefined C++ types (compiler internal)(339): message : see declaration of 'std'
C:\Users\sage\Documents\algorithm_challenges\shotover_challenge\SageSol\SageFirst\QuadTree.h(69,13): error C2143: syntax error: missing ';' before '<'
C:\Users\sage\Documents\algorithm_challenges\shotover_challenge\SageSol\SageFirst\QuadTree.h(69,13): error C4430: missing type specifier - int assumed. Note: C++ does not support default-int
C:\Users\sage\Documents\algorithm_challenges\shotover_challenge\SageSol\SageFirst\QuadTree.h(69,29): error C2238: unexpected token(s) preceding ';'
C:\Users\sage\Documents\algorithm_challenges\shotover_challenge\SageSol\SageFirst\QuadTree.h(79,57): error C2039: 'vector': is not a member of 'std'
C:\Users\sage\Documents\algorithm_challenges\shotover_challenge\SageSol\SageFirst\predefined C++ types (compiler internal)(339): message : see declaration of 'std'
C:\Users\sage\Documents\algorithm_challenges\shotover_challenge\SageSol\SageFirst\QuadTree.h(79,63): error C2061: syntax error: identifier 'vector'
C:\Users\sage\Documents\algorithm_challenges\shotover_challenge\SageSol\SageFirst\QuadTree.cpp(22,18): error C2065: 'FLT_MAX': undeclared identifier
C:\Users\sage\Documents\algorithm_challenges\shotover_challenge\SageSol\SageFirst\QuadTree.cpp(22,26): error C2065: 'FLT_MAX': undeclared identifier
C:\Users\sage\Documents\algorithm_challenges\shotover_challenge\SageSol\SageFirst\QuadTree.cpp(22,34): error C2065: 'FLT_MIN': undeclared identifier
C:\Users\sage\Documents\algorithm_challenges\shotover_challenge\SageSol\SageFirst\QuadTree.cpp(22,42): error C2065: 'FLT_MIN': undeclared identifier
C:\Users\sage\Documents\algorithm_challenges\shotover_challenge\SageSol\SageFirst\QuadTree.cpp(27,9): error C3861: 'assert': identifier not found
C:\Users\sage\Documents\algorithm_challenges\shotover_challenge\SageSol\SageFirst\QuadTree.cpp(38,10): error C2039: 'for_each': is not a member of 'std'
C:\Users\sage\Documents\algorithm_challenges\shotover_challenge\SageSol\SageFirst\predefined C++ types (compiler internal)(339): message : see declaration of 'std'
C:\Users\sage\Documents\algorithm_challenges\shotover_challenge\SageSol\SageFirst\QuadTree.cpp(38,18): error C3861: 'for_each': identifier not found
C:\Users\sage\Documents\algorithm_challenges\shotover_challenge\SageSol\SageFirst\QuadTree.cpp(54,10): error C2039: 'vector': is not a member of 'std'
C:\Users\sage\Documents\algorithm_challenges\shotover_challenge\SageSol\SageFirst\predefined C++ types (compiler internal)(339): message : see declaration of 'std'
C:\Users\sage\Documents\algorithm_challenges\shotover_challenge\SageSol\SageFirst\QuadTree.cpp(54,16): error C2065: 'vector': undeclared identifier
C:\Users\sage\Documents\algorithm_challenges\shotover_challenge\SageSol\SageFirst\QuadTree.cpp(54,17): error C2275: 'int32_t': expected an expression instead of a type
C:\Users\sage\Documents\algorithm_challenges\shotover_challenge\SageSol\SageFirst\QuadTree.cpp(54,26): error C2065: 'results': undeclared identifier
C:\Users\sage\Documents\algorithm_challenges\shotover_challenge\SageSol\SageFirst\QuadTree.cpp(55,5): error C2065: 'results': undeclared identifier
C:\Users\sage\Documents\algorithm_challenges\shotover_challenge\SageSol\SageFirst\QuadTree.cpp(56,32): error C2065: 'results': undeclared identifier
C:\Users\sage\Documents\algorithm_challenges\shotover_challenge\SageSol\SageFirst\QuadTree.cpp(57,10): error C2039: 'sort_heap': is not a member of 'std'
C:\Users\sage\Documents\algorithm_challenges\shotover_challenge\SageSol\SageFirst\predefined C++ types (compiler internal)(339): message : see declaration of 'std'
C:\Users\sage\Documents\algorithm_challenges\shotover_challenge\SageSol\SageFirst\QuadTree.cpp(57,20): error C2065: 'results': undeclared identifier
C:\Users\sage\Documents\algorithm_challenges\shotover_challenge\SageSol\SageFirst\QuadTree.cpp(57,37): error C2065: 'results': undeclared identifier
C:\Users\sage\Documents\algorithm_challenges\shotover_challenge\SageSol\SageFirst\QuadTree.cpp(57,19): error C3861: 'sort_heap': identifier not found
C:\Users\sage\Documents\algorithm_challenges\shotover_challenge\SageSol\SageFirst\QuadTree.cpp(59,24): error C2589: '(': illegal token on right side of '::'
C:\Users\sage\Documents\algorithm_challenges\shotover_challenge\SageSol\SageFirst\QuadTree.cpp(59): error C2062: type 'unknown-type' unexpected
C:\Users\sage\Documents\algorithm_challenges\shotover_challenge\SageSol\SageFirst\QuadTree.cpp(59,24): error C2059: syntax error: ')'
C:\Users\sage\Documents\algorithm_challenges\shotover_challenge\SageSol\SageFirst\QuadTree.cpp(61,35): error C2065: 'results': undeclared identifier
C:\Users\sage\Documents\algorithm_challenges\shotover_challenge\SageSol\SageFirst\QuadTree.cpp(72,5): error C2065: 'points': undeclared identifier
C:\Users\sage\Documents\algorithm_challenges\shotover_challenge\SageSol\SageFirst\QuadTree.cpp(85,5): error C3861: 'assert': identifier not found
C:\Users\sage\Documents\algorithm_challenges\shotover_challenge\SageSol\SageFirst\QuadTree.cpp(86,5): error C3861: 'assert': identifier not found
C:\Users\sage\Documents\algorithm_challenges\shotover_challenge\SageSol\SageFirst\QuadTree.cpp(87,5): error C3861: 'assert': identifier not found
C:\Users\sage\Documents\algorithm_challenges\shotover_challenge\SageSol\SageFirst\QuadTree.cpp(88,5): error C3861: 'assert': identifier not found
C:\Users\sage\Documents\algorithm_challenges\shotover_challenge\SageSol\SageFirst\QuadTree.cpp(95,13): error C2065: 'points': undeclared identifier
C:\Users\sage\Documents\algorithm_challenges\shotover_challenge\SageSol\SageFirst\QuadTree.cpp(98,13): error C2065: 'points': undeclared identifier
C:\Users\sage\Documents\algorithm_challenges\shotover_challenge\SageSol\SageFirst\QuadTree.cpp(104,32): error C2065: 'points': undeclared identifier
C:\Users\sage\Documents\algorithm_challenges\shotover_challenge\SageSol\SageFirst\QuadTree.cpp(104,13): error C3531: 'movePt': a symbol whose type contains 'auto' must have an initializer
C:\Users\sage\Documents\algorithm_challenges\shotover_challenge\SageSol\SageFirst\QuadTree.cpp(104,30): error C2143: syntax error: missing ';' before ':'
C:\Users\sage\Documents\algorithm_challenges\shotover_challenge\SageSol\SageFirst\QuadTree.cpp(104,38): error C2143: syntax error: missing ';' before ')'
C:\Users\sage\Documents\algorithm_challenges\shotover_challenge\SageSol\SageFirst\QuadTree.cpp(106,13): error C2065: 'points': undeclared identifier
C:\Users\sage\Documents\algorithm_challenges\shotover_challenge\SageSol\SageFirst\QuadTree.cpp(198,14): error C2039: 'sort': is not a member of 'std'
C:\Users\sage\Documents\algorithm_challenges\shotover_challenge\SageSol\SageFirst\predefined C++ types (compiler internal)(339): message : see declaration of 'std'
C:\Users\sage\Documents\algorithm_challenges\shotover_challenge\SageSol\SageFirst\QuadTree.cpp(198,19): error C2065: 'points': undeclared identifier
C:\Users\sage\Documents\algorithm_challenges\shotover_challenge\SageSol\SageFirst\QuadTree.cpp(198,35): error C2065: 'points': undeclared identifier
C:\Users\sage\Documents\algorithm_challenges\shotover_challenge\SageSol\SageFirst\QuadTree.cpp(198,18): error C3861: 'sort': identifier not found
C:\Users\sage\Documents\algorithm_challenges\shotover_challenge\SageSol\SageFirst\QuadTree.cpp(207,34): error C2589: '(': illegal token on right side of '::'
C:\Users\sage\Documents\algorithm_challenges\shotover_challenge\SageSol\SageFirst\QuadTree.cpp(207): error C2062: type 'unknown-type' unexpected
C:\Users\sage\Documents\algorithm_challenges\shotover_challenge\SageSol\SageFirst\QuadTree.cpp(207,34): error C2059: syntax error: ')'
C:\Users\sage\Documents\algorithm_challenges\shotover_challenge\SageSol\SageFirst\QuadTree.cpp(208,22): error C2039: 'copy': is not a member of 'std'
C:\Users\sage\Documents\algorithm_challenges\shotover_challenge\SageSol\SageFirst\predefined C++ types (compiler internal)(339): message : see declaration of 'std'
C:\Users\sage\Documents\algorithm_challenges\shotover_challenge\SageSol\SageFirst\QuadTree.cpp(208,37): error C2039: 'points': is not a member of 'QuadNode'
C:\Users\sage\Documents\algorithm_challenges\shotover_challenge\SageSol\SageFirst\QuadTree.h(60): message : see declaration of 'QuadNode'
C:\Users\sage\Documents\algorithm_challenges\shotover_challenge\SageSol\SageFirst\QuadTree.cpp(208,63): error C2039: 'points': is not a member of 'QuadNode'
C:\Users\sage\Documents\algorithm_challenges\shotover_challenge\SageSol\SageFirst\QuadTree.h(60): message : see declaration of 'QuadNode'
C:\Users\sage\Documents\algorithm_challenges\shotover_challenge\SageSol\SageFirst\QuadTree.cpp(208,92): error C2039: 'back_inserter': is not a member of 'std'
C:\Users\sage\Documents\algorithm_challenges\shotover_challenge\SageSol\SageFirst\predefined C++ types (compiler internal)(339): message : see declaration of 'std'
C:\Users\sage\Documents\algorithm_challenges\shotover_challenge\SageSol\SageFirst\QuadTree.cpp(208,106): error C2065: 'points': undeclared identifier
C:\Users\sage\Documents\algorithm_challenges\shotover_challenge\SageSol\SageFirst\QuadTree.cpp(208,105): error C3861: 'back_inserter': identifier not found
C:\Users\sage\Documents\algorithm_challenges\shotover_challenge\SageSol\SageFirst\QuadTree.cpp(208,26): error C3861: 'copy': identifier not found
C:\Users\sage\Documents\algorithm_challenges\shotover_challenge\SageSol\SageFirst\QuadTree.cpp(212,14): error C2039: 'sort': is not a member of 'std'
C:\Users\sage\Documents\algorithm_challenges\shotover_challenge\SageSol\SageFirst\predefined C++ types (compiler internal)(339): message : see declaration of 'std'
C:\Users\sage\Documents\algorithm_challenges\shotover_challenge\SageSol\SageFirst\QuadTree.cpp(212,19): error C2065: 'points': undeclared identifier
C:\Users\sage\Documents\algorithm_challenges\shotover_challenge\SageSol\SageFirst\QuadTree.cpp(212,35): error C2065: 'points': undeclared identifier
C:\Users\sage\Documents\algorithm_challenges\shotover_challenge\SageSol\SageFirst\QuadTree.cpp(212,18): error C3861: 'sort': identifier not found
C:\Users\sage\Documents\algorithm_challenges\shotover_challenge\SageSol\SageFirst\QuadTree.cpp(213,9): error C2065: 'points': undeclared identifier
C:\Users\sage\Documents\algorithm_challenges\shotover_challenge\SageSol\SageFirst\QuadTree.cpp(216,5): error C2065: 'points': undeclared identifier
C:\Users\sage\Documents\algorithm_challenges\shotover_challenge\SageSol\SageFirst\QuadTree.cpp(219,66): error C2039: 'vector': is not a member of 'std'
C:\Users\sage\Documents\algorithm_challenges\shotover_challenge\SageSol\SageFirst\predefined C++ types (compiler internal)(339): message : see declaration of 'std'
C:\Users\sage\Documents\algorithm_challenges\shotover_challenge\SageSol\SageFirst\QuadTree.cpp(219,72): error C2061: syntax error: identifier 'vector'
C:\Users\sage\Documents\algorithm_challenges\shotover_challenge\SageSol\SageFirst\QuadTree.cpp(232,24): error C2065: 'points': undeclared identifier
C:\Users\sage\Documents\algorithm_challenges\shotover_challenge\SageSol\SageFirst\QuadTree.cpp(232,9): error C3531: 'pt': a symbol whose type contains 'auto' must have an initializer
C:\Users\sage\Documents\algorithm_challenges\shotover_challenge\SageSol\SageFirst\QuadTree.cpp(232,22): error C2143: syntax error: missing ';' before ':'
C:\Users\sage\Documents\algorithm_challenges\shotover_challenge\SageSol\SageFirst\QuadTree.cpp(232,30): error C2143: syntax error: missing ';' before ')'
C:\Users\sage\Documents\algorithm_challenges\shotover_challenge\SageSol\SageFirst\QuadTree.cpp(234,13): error C2065: 'results': undeclared identifier
C:\Users\sage\Documents\algorithm_challenges\shotover_challenge\SageSol\SageFirst\QuadTree.cpp(235,18): error C2039: 'push_heap': is not a member of 'std'
C:\Users\sage\Documents\algorithm_challenges\shotover_challenge\SageSol\SageFirst\predefined C++ types (compiler internal)(339): message : see declaration of 'std'
C:\Users\sage\Documents\algorithm_challenges\shotover_challenge\SageSol\SageFirst\QuadTree.cpp(235,28): error C2065: 'results': undeclared identifier
C:\Users\sage\Documents\algorithm_challenges\shotover_challenge\SageSol\SageFirst\QuadTree.cpp(235,45): error C2065: 'results': undeclared identifier
C:\Users\sage\Documents\algorithm_challenges\shotover_challenge\SageSol\SageFirst\QuadTree.cpp(235,27): error C3861: 'push_heap': identifier not found
C:\Users\sage\Documents\algorithm_challenges\shotover_challenge\SageSol\SageFirst\QuadTree.cpp(236,17): error C2065: 'results': undeclared identifier
C:\Users\sage\Documents\algorithm_challenges\shotover_challenge\SageSol\SageFirst\QuadTree.cpp(238,30): error C2065: 'results': undeclared identifier
C:\Users\sage\Documents\algorithm_challenges\shotover_challenge\SageSol\SageFirst\QuadTree.cpp(239,22): error C2039: 'pop_heap': is not a member of 'std'
C:\Users\sage\Documents\algorithm_challenges\shotover_challenge\SageSol\SageFirst\predefined C++ types (compiler internal)(339): message : see declaration of 'std'
C:\Users\sage\Documents\algorithm_challenges\shotover_challenge\SageSol\SageFirst\QuadTree.cpp(239,31): error C2065: 'results': undeclared identifier
C:\Users\sage\Documents\algorithm_challenges\shotover_challenge\SageSol\SageFirst\QuadTree.cpp(239,48): error C2065: 'results': undeclared identifier
C:\Users\sage\Documents\algorithm_challenges\shotover_challenge\SageSol\SageFirst\QuadTree.cpp(239,30): error C3861: 'pop_heap': identifier not found
C:\Users\sage\Documents\algorithm_challenges\shotover_challenge\SageSol\SageFirst\QuadTree.cpp(240,17): error C2065: 'results': undeclared identifier
C:\Users\sage\Documents\algorithm_challenges\shotover_challenge\SageSol\SageFirst\QuadTree.cpp(252,24): error C2065: 'points': undeclared identifier
C:\Users\sage\Documents\algorithm_challenges\shotover_challenge\SageSol\SageFirst\QuadTree.cpp(252,9): error C3531: 'pt': a symbol whose type contains 'auto' must have an initializer
C:\Users\sage\Documents\algorithm_challenges\shotover_challenge\SageSol\SageFirst\QuadTree.cpp(252,22): error C2143: syntax error: missing ';' before ':'
C:\Users\sage\Documents\algorithm_challenges\shotover_challenge\SageSol\SageFirst\QuadTree.cpp(252,30): error C2143: syntax error: missing ';' before ')'
C:\Users\sage\Documents\algorithm_challenges\shotover_challenge\SageSol\SageFirst\QuadTree.cpp(259,17): error C2065: 'results': undeclared identifier
C:\Users\sage\Documents\algorithm_challenges\shotover_challenge\SageSol\SageFirst\QuadTree.cpp(260,22): error C2039: 'push_heap': is not a member of 'std'
C:\Users\sage\Documents\algorithm_challenges\shotover_challenge\SageSol\SageFirst\predefined C++ types (compiler internal)(339): message : see declaration of 'std'
C:\Users\sage\Documents\algorithm_challenges\shotover_challenge\SageSol\SageFirst\QuadTree.cpp(260,32): error C2065: 'results': undeclared identifier
C:\Users\sage\Documents\algorithm_challenges\shotover_challenge\SageSol\SageFirst\QuadTree.cpp(260,49): error C2065: 'results': undeclared identifier
C:\Users\sage\Documents\algorithm_challenges\shotover_challenge\SageSol\SageFirst\QuadTree.cpp(260,31): error C3861: 'push_heap': identifier not found
C:\Users\sage\Documents\algorithm_challenges\shotover_challenge\SageSol\SageFirst\QuadTree.cpp(261,21): error C2065: 'results': undeclared identifier
C:\Users\sage\Documents\algorithm_challenges\shotover_challenge\SageSol\SageFirst\QuadTree.cpp(263,34): error C2065: 'results': undeclared identifier
C:\Users\sage\Documents\algorithm_challenges\shotover_challenge\SageSol\SageFirst\QuadTree.cpp(264,26): error C2039: 'pop_heap': is not a member of 'std'
C:\Users\sage\Documents\algorithm_challenges\shotover_challenge\SageSol\SageFirst\predefined C++ types (compiler internal)(339): message : see declaration of 'std'
C:\Users\sage\Documents\algorithm_challenges\shotover_challenge\SageSol\SageFirst\QuadTree.cpp(264,35): error C2065: 'results': undeclared identifier
C:\Users\sage\Documents\algorithm_challenges\shotover_challenge\SageSol\SageFirst\QuadTree.cpp(264,52): error C2065: 'results': undeclared identifier
C:\Users\sage\Documents\algorithm_challenges\shotover_challenge\SageSol\SageFirst\QuadTree.cpp(264,34): error C3861: 'pop_heap': identifier not found
C:\Users\sage\Documents\algorithm_challenges\shotover_challenge\SageSol\SageFirst\QuadTree.cpp(265,21): error C2065: 'results': undeclared identifier
C:\Users\sage\Documents\algorithm_challenges\shotover_challenge\SageSol\SageFirst\QuadTree.cpp(281,47): error C2065: 'results': undeclared identifier
  Generating Code...
